# JRE version: Java(TM) SE Runtime Environment (8.0_91-b14) (build 1.8.0_91-b14)
# Java VM: Java HotSpot(TM) 64-Bit Server VM (25.91-b14 mixed mode linux-amd64 compressed oops)
Heap:
 PSYoungGen      total 262144K, used 7326K [0x00000000d6f80000, 0x00000000e7a80000, 0x0000000100000000)
  eden space 250880K, 0% used [0x00000000d6f80000,0x00000000d6f80000,0x00000000e6480000)
  from space 11264K, 65% used [0x00000000e6480000,0x00000000e6ba7a28,0x00000000e6f80000)
  to   space 10752K, 0% used [0x00000000e7000000,0x00000000e7000000,0x00000000e7a80000)
 ParOldGen       total 57344K, used 16343K [0x0000000084e00000, 0x0000000088600000, 0x00000000d6f80000)
  object space 57344K, 28% used [0x0000000084e00000,0x0000000085df5c68,0x0000000088600000)
 Metaspace       used 23592K, capacity 29063K, committed 29184K, reserved 1071104K
  class space    used 6255K, capacity 8127K, committed 8192K, reserved 1048576K
GC Heap History (10 events):
Event: 1,651 GC heap after
Heap after GC invocations=5 (full 0):
 PSYoungGen      total 68608K, used 5088K [0x00000000d6f80000, 0x00000000dff80000, 0x0000000100000000)
  eden space 63488K, 0% used [0x00000000d6f80000,0x00000000d6f80000,0x00000000dad80000)
  from space 5120K, 99% used [0x00000000dad80000,0x00000000db278040,0x00000000db280000)
  to   space 10240K, 0% used [0x00000000df580000,0x00000000df580000,0x00000000dff80000)
 ParOldGen       total 84992K, used 7804K [0x0000000084e00000, 0x000000008a100000, 0x00000000d6f80000)
  object space 84992K, 9% used [0x0000000084e00000,0x000000008559f358,0x000000008a100000)
 Metaspace       used 14889K, capacity 16467K, committed 16640K, reserved 1062912K
  class space    used 3430K, capacity 3983K, committed 4096K, reserved 1048576K
}
Event: 1,740 GC heap before
{Heap before GC invocations=6 (full 0):
 PSYoungGen      total 68608K, used 68576K [0x00000000d6f80000, 0x00000000dff80000, 0x0000000100000000)
  eden space 63488K, 100% used [0x00000000d6f80000,0x00000000dad80000,0x00000000dad80000)
  from space 5120K, 99% used [0x00000000dad80000,0x00000000db278040,0x00000000db280000)
  to   space 10240K, 0% used [0x00000000df580000,0x00000000df580000,0x00000000dff80000)
 ParOldGen       total 84992K, used 7804K [0x0000000084e00000, 0x000000008a100000, 0x00000000d6f80000)
  object space 84992K, 9% used [0x0000000084e00000,0x000000008559f358,0x000000008a100000)
 Metaspace       used 15422K, capacity 17229K, committed 17408K, reserved 1062912K
  class space    used 3621K, capacity 4265K, committed 4352K, reserved 1048576K
Event: 1,786 GC heap after
Heap after GC invocations=6 (full 0):
 PSYoungGen      total 135680K, used 9840K [0x00000000d6f80000, 0x00000000e0280000, 0x0000000100000000)
  eden space 125440K, 0% used [0x00000000d6f80000,0x00000000d6f80000,0x00000000dea00000)
  from space 10240K, 96% used [0x00000000df580000,0x00000000dff1c090,0x00000000dff80000)
  to   space 11776K, 0% used [0x00000000dea00000,0x00000000dea00000,0x00000000df580000)
 ParOldGen       total 84992K, used 7812K [0x0000000084e00000, 0x000000008a100000, 0x00000000d6f80000)
  object space 84992K, 9% used [0x0000000084e00000,0x00000000855a1358,0x000000008a100000)
 Metaspace       used 15422K, capacity 17229K, committed 17408K, reserved 1062912K
  class space    used 3621K, capacity 4265K, committed 4352K, reserved 1048576K
}
Event: 2,129 GC heap before
{Heap before GC invocations=7 (full 0):
 PSYoungGen      total 135680K, used 135280K [0x00000000d6f80000, 0x00000000e0280000, 0x0000000100000000)
  eden space 125440K, 100% used [0x00000000d6f80000,0x00000000dea00000,0x00000000dea00000)
  from space 10240K, 96% used [0x00000000df580000,0x00000000dff1c090,0x00000000dff80000)
  to   space 11776K, 0% used [0x00000000dea00000,0x00000000dea00000,0x00000000df580000)
 ParOldGen       total 84992K, used 7812K [0x0000000084e00000, 0x000000008a100000, 0x00000000d6f80000)
  object space 84992K, 9% used [0x0000000084e00000,0x00000000855a1358,0x000000008a100000)
 Metaspace       used 16731K, capacity 19141K, committed 19328K, reserved 1062912K
  class space    used 4066K, capacity 4881K, committed 4992K, reserved 1048576K
Event: 2,143 GC heap after
Heap after GC invocations=7 (full 0):
 PSYoungGen      total 137216K, used 8078K [0x00000000d6f80000, 0x00000000e7b80000, 0x0000000100000000)
  eden space 125440K, 0% used [0x00000000d6f80000,0x00000000d6f80000,0x00000000dea00000)
  from space 11776K, 68% used [0x00000000dea00000,0x00000000df1e3b78,0x00000000df580000)
  to   space 11776K, 0% used [0x00000000e7000000,0x00000000e7000000,0x00000000e7b80000)
 ParOldGen       total 84992K, used 10943K [0x0000000084e00000, 0x000000008a100000, 0x00000000d6f80000)
  object space 84992K, 12% used [0x0000000084e00000,0x00000000858afe78,0x000000008a100000)
 Metaspace       used 16731K, capacity 19141K, committed 19328K, reserved 1062912K
  class space    used 4066K, capacity 4881K, committed 4992K, reserved 1048576K
}
Event: 2,388 GC heap before
{Heap before GC invocations=8 (full 0):
 PSYoungGen      total 137216K, used 66670K [0x00000000d6f80000, 0x00000000e7b80000, 0x0000000100000000)
  eden space 125440K, 46% used [0x00000000d6f80000,0x00000000da8b7ca8,0x00000000dea00000)
  from space 11776K, 68% used [0x00000000dea00000,0x00000000df1e3b78,0x00000000df580000)
  to   space 11776K, 0% used [0x00000000e7000000,0x00000000e7000000,0x00000000e7b80000)
 ParOldGen       total 84992K, used 10943K [0x0000000084e00000, 0x000000008a100000, 0x00000000d6f80000)
  object space 84992K, 12% used [0x0000000084e00000,0x00000000858afe78,0x000000008a100000)
 Metaspace       used 17979K, capacity 21159K, committed 21296K, reserved 1064960K
  class space    used 4471K, capacity 5503K, committed 5504K, reserved 1048576K
Event: 2,397 GC heap after
Heap after GC invocations=8 (full 0):
 PSYoungGen      total 261632K, used 7711K [0x00000000d6f80000, 0x00000000e7a80000, 0x0000000100000000)
  eden space 250880K, 0% used [0x00000000d6f80000,0x00000000d6f80000,0x00000000e6480000)
  from space 10752K, 71% used [0x00000000e7000000,0x00000000e7787ef0,0x00000000e7a80000)
  to   space 11264K, 0% used [0x00000000e6480000,0x00000000e6480000,0x00000000e6f80000)
 ParOldGen       total 84992K, used 11750K [0x0000000084e00000, 0x000000008a100000, 0x00000000d6f80000)
  object space 84992K, 13% used [0x0000000084e00000,0x0000000085979958,0x000000008a100000)
 Metaspace       used 17979K, capacity 21159K, committed 21296K, reserved 1064960K
  class space    used 4471K, capacity 5503K, committed 5504K, reserved 1048576K
}
Event: 2,397 GC heap before
{Heap before GC invocations=9 (full 1):
 PSYoungGen      total 261632K, used 7711K [0x00000000d6f80000, 0x00000000e7a80000, 0x0000000100000000)
  eden space 250880K, 0% used [0x00000000d6f80000,0x00000000d6f80000,0x00000000e6480000)
  from space 10752K, 71% used [0x00000000e7000000,0x00000000e7787ef0,0x00000000e7a80000)
  to   space 11264K, 0% used [0x00000000e6480000,0x00000000e6480000,0x00000000e6f80000)
 ParOldGen       total 84992K, used 11750K [0x0000000084e00000, 0x000000008a100000, 0x00000000d6f80000)
  object space 84992K, 13% used [0x0000000084e00000,0x0000000085979958,0x000000008a100000)
 Metaspace       used 17979K, capacity 21159K, committed 21296K, reserved 1064960K
  class space    used 4471K, capacity 5503K, committed 5504K, reserved 1048576K
Event: 2,435 GC heap after
Heap after GC invocations=9 (full 1):
 PSYoungGen      total 261632K, used 0K [0x00000000d6f80000, 0x00000000e7a80000, 0x0000000100000000)
  eden space 250880K, 0% used [0x00000000d6f80000,0x00000000d6f80000,0x00000000e6480000)
  from space 10752K, 0% used [0x00000000e7000000,0x00000000e7000000,0x00000000e7a80000)
  to   space 11264K, 0% used [0x00000000e6480000,0x00000000e6480000,0x00000000e6f80000)
 ParOldGen       total 57344K, used 16343K [0x0000000084e00000, 0x0000000088600000, 0x00000000d6f80000)
  object space 57344K, 28% used [0x0000000084e00000,0x0000000085df5c68,0x0000000088600000)
 Metaspace       used 17979K, capacity 21159K, committed 21296K, reserved 1064960K
  class space    used 4471K, capacity 5503K, committed 5504K, reserved 1048576K
}
Event: 11,807 GC heap before
{Heap before GC invocations=10 (full 1):
 PSYoungGen      total 261632K, used 250880K [0x00000000d6f80000, 0x00000000e7a80000, 0x0000000100000000)
  eden space 250880K, 100% used [0x00000000d6f80000,0x00000000e6480000,0x00000000e6480000)
  from space 10752K, 0% used [0x00000000e7000000,0x00000000e7000000,0x00000000e7a80000)
  to   space 11264K, 0% used [0x00000000e6480000,0x00000000e6480000,0x00000000e6f80000)
 ParOldGen       total 57344K, used 16343K [0x0000000084e00000, 0x0000000088600000, 0x00000000d6f80000)
  object space 57344K, 28% used [0x0000000084e00000,0x0000000085df5c68,0x0000000088600000)
 Metaspace       used 23592K, capacity 29063K, committed 29184K, reserved 1071104K
  class space    used 6255K, capacity 8127K, committed 8192K, reserved 1048576K

